  main.c
C:\Users\87290\Desktop\Code\2020.09.07-1\Header.h(1,1): warning C4819: 该文件包含不能在当前代码页(936)中表示的字符。请将该文件保存为 Unicode 格式以防止数据丢失
C:\Users\87290\Desktop\Code\2020.09.07-1\Header.h(117,1): warning C4996: 'strcpy': This function or variable may be unsafe. Consider using strcpy_s instead. To disable deprecation, use _CRT_SECURE_NO_WARNINGS. See online help for details.
D:\Windows Kits\10\Include\10.0.18362.0\ucrt\string.h(133): message : 参见“strcpy”的声明
C:\Users\87290\Desktop\Code\2020.09.07-1\Header.h(149,1): warning C4996: 'strcpy': This function or variable may be unsafe. Consider using strcpy_s instead. To disable deprecation, use _CRT_SECURE_NO_WARNINGS. See online help for details.
D:\Windows Kits\10\Include\10.0.18362.0\ucrt\string.h(133): message : 参见“strcpy”的声明
C:\Users\87290\Desktop\Code\2020.09.07-1\Header.h(155,1): warning C4996: 'strcpy': This function or variable may be unsafe. Consider using strcpy_s instead. To disable deprecation, use _CRT_SECURE_NO_WARNINGS. See online help for details.
D:\Windows Kits\10\Include\10.0.18362.0\ucrt\string.h(133): message : 参见“strcpy”的声明
C:\Users\87290\Desktop\Code\2020.09.07-1\Header.h(246,1): warning C4996: 'fopen': This function or variable may be unsafe. Consider using fopen_s instead. To disable deprecation, use _CRT_SECURE_NO_WARNINGS. See online help for details.
D:\Windows Kits\10\Include\10.0.18362.0\ucrt\stdio.h(208): message : 参见“fopen”的声明
C:\Users\87290\Desktop\Code\2020.09.07-1\Header.h(249,1): warning C4996: 'fscanf': This function or variable may be unsafe. Consider using fscanf_s instead. To disable deprecation, use _CRT_SECURE_NO_WARNINGS. See online help for details.
D:\Windows Kits\10\Include\10.0.18362.0\ucrt\stdio.h(1197): message : 参见“fscanf”的声明
C:\Users\87290\Desktop\Code\2020.09.07-1\Header.h(271,1): warning C4996: 'strcpy': This function or variable may be unsafe. Consider using strcpy_s instead. To disable deprecation, use _CRT_SECURE_NO_WARNINGS. See online help for details.
D:\Windows Kits\10\Include\10.0.18362.0\ucrt\string.h(133): message : 参见“strcpy”的声明
C:\Users\87290\Desktop\Code\2020.09.07-1\Header.h(283,1): warning C4996: 'strcpy': This function or variable may be unsafe. Consider using strcpy_s instead. To disable deprecation, use _CRT_SECURE_NO_WARNINGS. See online help for details.
D:\Windows Kits\10\Include\10.0.18362.0\ucrt\string.h(133): message : 参见“strcpy”的声明
C:\Users\87290\Desktop\Code\2020.09.07-1\Header.h(286,1): warning C4996: 'strcpy': This function or variable may be unsafe. Consider using strcpy_s instead. To disable deprecation, use _CRT_SECURE_NO_WARNINGS. See online help for details.
D:\Windows Kits\10\Include\10.0.18362.0\ucrt\string.h(133): message : 参见“strcpy”的声明
C:\Users\87290\Desktop\Code\2020.09.07-1\Header.h(287,1): warning C4996: 'strcpy': This function or variable may be unsafe. Consider using strcpy_s instead. To disable deprecation, use _CRT_SECURE_NO_WARNINGS. See online help for details.
D:\Windows Kits\10\Include\10.0.18362.0\ucrt\string.h(133): message : 参见“strcpy”的声明
C:\Users\87290\Desktop\Code\2020.09.07-1\Header.h(299,1): warning C4996: 'strcpy': This function or variable may be unsafe. Consider using strcpy_s instead. To disable deprecation, use _CRT_SECURE_NO_WARNINGS. See online help for details.
D:\Windows Kits\10\Include\10.0.18362.0\ucrt\string.h(133): message : 参见“strcpy”的声明
C:\Users\87290\Desktop\Code\2020.09.07-1\Header.h(374,1): warning C4996: 'strcpy': This function or variable may be unsafe. Consider using strcpy_s instead. To disable deprecation, use _CRT_SECURE_NO_WARNINGS. See online help for details.
D:\Windows Kits\10\Include\10.0.18362.0\ucrt\string.h(133): message : 参见“strcpy”的声明
C:\Users\87290\Desktop\Code\2020.09.07-1\Header.h(375,1): warning C4996: 'strcpy': This function or variable may be unsafe. Consider using strcpy_s instead. To disable deprecation, use _CRT_SECURE_NO_WARNINGS. See online help for details.
D:\Windows Kits\10\Include\10.0.18362.0\ucrt\string.h(133): message : 参见“strcpy”的声明
C:\Users\87290\Desktop\Code\2020.09.07-1\Header.h(383,1): warning C4996: 'strcpy': This function or variable may be unsafe. Consider using strcpy_s instead. To disable deprecation, use _CRT_SECURE_NO_WARNINGS. See online help for details.
D:\Windows Kits\10\Include\10.0.18362.0\ucrt\string.h(133): message : 参见“strcpy”的声明
C:\Users\87290\Desktop\Code\2020.09.07-1\Header.h(384,1): warning C4996: 'strcpy': This function or variable may be unsafe. Consider using strcpy_s instead. To disable deprecation, use _CRT_SECURE_NO_WARNINGS. See online help for details.
D:\Windows Kits\10\Include\10.0.18362.0\ucrt\string.h(133): message : 参见“strcpy”的声明
C:\Users\87290\Desktop\Code\2020.09.07-1\Header.h(391,1): warning C4996: 'strcpy': This function or variable may be unsafe. Consider using strcpy_s instead. To disable deprecation, use _CRT_SECURE_NO_WARNINGS. See online help for details.
D:\Windows Kits\10\Include\10.0.18362.0\ucrt\string.h(133): message : 参见“strcpy”的声明
C:\Users\87290\Desktop\Code\2020.09.07-1\Header.h(392,1): warning C4996: 'strcpy': This function or variable may be unsafe. Consider using strcpy_s instead. To disable deprecation, use _CRT_SECURE_NO_WARNINGS. See online help for details.
D:\Windows Kits\10\Include\10.0.18362.0\ucrt\string.h(133): message : 参见“strcpy”的声明
C:\Users\87290\Desktop\Code\2020.09.07-1\Header.h(398,1): warning C4996: 'strcpy': This function or variable may be unsafe. Consider using strcpy_s instead. To disable deprecation, use _CRT_SECURE_NO_WARNINGS. See online help for details.
D:\Windows Kits\10\Include\10.0.18362.0\ucrt\string.h(133): message : 参见“strcpy”的声明
C:\Users\87290\Desktop\Code\2020.09.07-1\Header.h(399,1): warning C4996: 'strcpy': This function or variable may be unsafe. Consider using strcpy_s instead. To disable deprecation, use _CRT_SECURE_NO_WARNINGS. See online help for details.
D:\Windows Kits\10\Include\10.0.18362.0\ucrt\string.h(133): message : 参见“strcpy”的声明
C:\Users\87290\Desktop\Code\2020.09.07-1\Header.h(405,1): warning C4996: 'strcpy': This function or variable may be unsafe. Consider using strcpy_s instead. To disable deprecation, use _CRT_SECURE_NO_WARNINGS. See online help for details.
D:\Windows Kits\10\Include\10.0.18362.0\ucrt\string.h(133): message : 参见“strcpy”的声明
C:\Users\87290\Desktop\Code\2020.09.07-1\Header.h(406,1): warning C4996: 'strcpy': This function or variable may be unsafe. Consider using strcpy_s instead. To disable deprecation, use _CRT_SECURE_NO_WARNINGS. See online help for details.
D:\Windows Kits\10\Include\10.0.18362.0\ucrt\string.h(133): message : 参见“strcpy”的声明
C:\Users\87290\Desktop\Code\2020.09.07-1\Header.h(407,1): warning C4996: 'strcpy': This function or variable may be unsafe. Consider using strcpy_s instead. To disable deprecation, use _CRT_SECURE_NO_WARNINGS. See online help for details.
D:\Windows Kits\10\Include\10.0.18362.0\ucrt\string.h(133): message : 参见“strcpy”的声明
C:\Users\87290\Desktop\Code\2020.09.07-1\Header.h(408,1): warning C4996: 'strcpy': This function or variable may be unsafe. Consider using strcpy_s instead. To disable deprecation, use _CRT_SECURE_NO_WARNINGS. See online help for details.
D:\Windows Kits\10\Include\10.0.18362.0\ucrt\string.h(133): message : 参见“strcpy”的声明
C:\Users\87290\Desktop\Code\2020.09.07-1\Header.h(416,1): warning C4996: 'strcpy': This function or variable may be unsafe. Consider using strcpy_s instead. To disable deprecation, use _CRT_SECURE_NO_WARNINGS. See online help for details.
D:\Windows Kits\10\Include\10.0.18362.0\ucrt\string.h(133): message : 参见“strcpy”的声明
C:\Users\87290\Desktop\Code\2020.09.07-1\Header.h(417,1): warning C4996: 'strcpy': This function or variable may be unsafe. Consider using strcpy_s instead. To disable deprecation, use _CRT_SECURE_NO_WARNINGS. See online help for details.
D:\Windows Kits\10\Include\10.0.18362.0\ucrt\string.h(133): message : 参见“strcpy”的声明
C:\Users\87290\Desktop\Code\2020.09.07-1\Header.h(509,1): warning C4996: 'strncpy': This function or variable may be unsafe. Consider using strncpy_s instead. To disable deprecation, use _CRT_SECURE_NO_WARNINGS. See online help for details.
D:\Windows Kits\10\Include\10.0.18362.0\ucrt\string.h(338): message : 参见“strncpy”的声明
C:\Users\87290\Desktop\Code\2020.09.07-1\Header.h(514,1): warning C4996: 'strcpy': This function or variable may be unsafe. Consider using strcpy_s instead. To disable deprecation, use _CRT_SECURE_NO_WARNINGS. See online help for details.
D:\Windows Kits\10\Include\10.0.18362.0\ucrt\string.h(133): message : 参见“strcpy”的声明
C:\Users\87290\Desktop\Code\2020.09.07-1\Header.h(516,1): warning C4996: 'strcpy': This function or variable may be unsafe. Consider using strcpy_s instead. To disable deprecation, use _CRT_SECURE_NO_WARNINGS. See online help for details.
D:\Windows Kits\10\Include\10.0.18362.0\ucrt\string.h(133): message : 参见“strcpy”的声明
C:\Users\87290\Desktop\Code\2020.09.07-1\Header.h(536,1): warning C4996: 'strcpy': This function or variable may be unsafe. Consider using strcpy_s instead. To disable deprecation, use _CRT_SECURE_NO_WARNINGS. See online help for details.
D:\Windows Kits\10\Include\10.0.18362.0\ucrt\string.h(133): message : 参见“strcpy”的声明
C:\Users\87290\Desktop\Code\2020.09.07-1\Header.h(538,1): warning C4996: 'strcpy': This function or variable may be unsafe. Consider using strcpy_s instead. To disable deprecation, use _CRT_SECURE_NO_WARNINGS. See online help for details.
D:\Windows Kits\10\Include\10.0.18362.0\ucrt\string.h(133): message : 参见“strcpy”的声明
C:\Users\87290\Desktop\Code\2020.09.07-1\main.c(6,43): warning C4244: “=”: 从“time_t”转换到“int”，可能丢失数据
C:\Users\87290\Desktop\Code\2020.09.07-1\main.c(90,1): warning C4996: 'inet_ntoa': Use inet_ntop() or InetNtop() instead or define _WINSOCK_DEPRECATED_NO_WARNINGS to disable deprecated API warnings
D:\Windows Kits\10\Include\10.0.18362.0\um\winsock2.h(1849): message : 参见“inet_ntoa”的声明
C:\Users\87290\Desktop\Code\2020.09.07-1\main.c(95,1): warning C4996: 'localtime': This function or variable may be unsafe. Consider using localtime_s instead. To disable deprecation, use _CRT_SECURE_NO_WARNINGS. See online help for details.
D:\Windows Kits\10\Include\10.0.18362.0\ucrt\time.h(506): message : 参见“localtime”的声明
C:\Users\87290\Desktop\Code\2020.09.07-1\main.c(168,1): warning C4996: 'sprintf': This function or variable may be unsafe. Consider using sprintf_s instead. To disable deprecation, use _CRT_SECURE_NO_WARNINGS. See online help for details.
D:\Windows Kits\10\Include\10.0.18362.0\ucrt\stdio.h(1774): message : 参见“sprintf”的声明
C:\Users\87290\Desktop\Code\2020.09.07-1\main.c(199,1): warning C4996: 'inet_ntoa': Use inet_ntop() or InetNtop() instead or define _WINSOCK_DEPRECATED_NO_WARNINGS to disable deprecated API warnings
D:\Windows Kits\10\Include\10.0.18362.0\um\winsock2.h(1849): message : 参见“inet_ntoa”的声明
C:\Users\87290\Desktop\Code\2020.09.07-1\main.c(204,1): warning C4996: 'localtime': This function or variable may be unsafe. Consider using localtime_s instead. To disable deprecation, use _CRT_SECURE_NO_WARNINGS. See online help for details.
D:\Windows Kits\10\Include\10.0.18362.0\ucrt\time.h(506): message : 参见“localtime”的声明
C:\Users\87290\Desktop\Code\2020.09.07-1\main.c(239,1): warning C4996: 'strcpy': This function or variable may be unsafe. Consider using strcpy_s instead. To disable deprecation, use _CRT_SECURE_NO_WARNINGS. See online help for details.
D:\Windows Kits\10\Include\10.0.18362.0\ucrt\string.h(133): message : 参见“strcpy”的声明
C:\Users\87290\Desktop\Code\2020.09.07-1\main.c(245,1): warning C4996: 'strcpy': This function or variable may be unsafe. Consider using strcpy_s instead. To disable deprecation, use _CRT_SECURE_NO_WARNINGS. See online help for details.
D:\Windows Kits\10\Include\10.0.18362.0\ucrt\string.h(133): message : 参见“strcpy”的声明
C:\Users\87290\Desktop\Code\2020.09.07-1\main.c(246,1): warning C4996: 'strcpy': This function or variable may be unsafe. Consider using strcpy_s instead. To disable deprecation, use _CRT_SECURE_NO_WARNINGS. See online help for details.
D:\Windows Kits\10\Include\10.0.18362.0\ucrt\string.h(133): message : 参见“strcpy”的声明
C:\Users\87290\Desktop\Code\2020.09.07-1\main.c(287,1): warning C4996: 'inet_addr': Use inet_pton() or InetPton() instead or define _WINSOCK_DEPRECATED_NO_WARNINGS to disable deprecated API warnings
D:\Windows Kits\10\Include\10.0.18362.0\um\winsock2.h(1831): message : 参见“inet_addr”的声明
C:\Users\87290\Desktop\Code\2020.09.07-1\main.c(319,1): warning C4996: 'strcpy': This function or variable may be unsafe. Consider using strcpy_s instead. To disable deprecation, use _CRT_SECURE_NO_WARNINGS. See online help for details.
D:\Windows Kits\10\Include\10.0.18362.0\ucrt\string.h(133): message : 参见“strcpy”的声明
C:\Users\87290\Desktop\Code\2020.09.07-1\main.c(328,1): warning C4996: 'strcpy': This function or variable may be unsafe. Consider using strcpy_s instead. To disable deprecation, use _CRT_SECURE_NO_WARNINGS. See online help for details.
D:\Windows Kits\10\Include\10.0.18362.0\ucrt\string.h(133): message : 参见“strcpy”的声明
C:\Users\87290\Desktop\Code\2020.09.07-1\main.c(378,1): warning C4996: 'inet_addr': Use inet_pton() or InetPton() instead or define _WINSOCK_DEPRECATED_NO_WARNINGS to disable deprecated API warnings
D:\Windows Kits\10\Include\10.0.18362.0\um\winsock2.h(1831): message : 参见“inet_addr”的声明
  dnsrelay.vcxproj -> C:\Users\87290\Desktop\Code\2020.09.07-1\Debug\dnsrelay.exe
